2024-10-30 12:49:59,352 - MainThread - sqlmesh.core.config.connection - INFO - Creating new DuckDB adapter for data files: {'db.db'} (connection.py:322)
2024-10-30 12:49:59,750 - MainThread - sqlmesh.core.config.connection - INFO - Creating new DuckDB adapter for in-memory database (connection.py:324)
2024-10-30 12:49:59,773 - MainThread - sqlmesh.core.config.connection - INFO - Using existing DuckDB adapter due to overlapping data file: db.db (connection.py:318)
2024-10-30 12:49:59,796 - MainThread - sqlmesh.core.state_sync.engine_adapter - INFO - Applying migration <module 'sqlmesh.migrations.v0001_init' from '/Users/trever/Documents/Git/SQLMesh_TEST/.env/lib/python3.12/site-packages/sqlmesh/migrations/v0001_init.py'> (engine_adapter.py:1307)
2024-10-30 12:49:59,799 - MainThread - sqlmesh.core.state_sync.engine_adapter - INFO - Applying migration <module 'sqlmesh.migrations.v0002_remove_identify' from '/Users/trever/Documents/Git/SQLMesh_TEST/.env/lib/python3.12/site-packages/sqlmesh/migrations/v0002_remove_identify.py'> (engine_adapter.py:1307)
2024-10-30 12:49:59,799 - MainThread - sqlmesh.core.state_sync.engine_adapter - INFO - Applying migration <module 'sqlmesh.migrations.v0003_move_batch_size' from '/Users/trever/Documents/Git/SQLMesh_TEST/.env/lib/python3.12/site-packages/sqlmesh/migrations/v0003_move_batch_size.py'> (engine_adapter.py:1307)
2024-10-30 12:49:59,800 - MainThread - sqlmesh.core.state_sync.engine_adapter - INFO - Applying migration <module 'sqlmesh.migrations.v0004_environmnent_add_finalized_at' from '/Users/trever/Documents/Git/SQLMesh_TEST/.env/lib/python3.12/site-packages/sqlmesh/migrations/v0004_environmnent_add_finalized_at.py'> (engine_adapter.py:1307)
2024-10-30 12:49:59,800 - MainThread - sqlmesh.core.state_sync.engine_adapter - INFO - Applying migration <module 'sqlmesh.migrations.v0005_create_seed_table' from '/Users/trever/Documents/Git/SQLMesh_TEST/.env/lib/python3.12/site-packages/sqlmesh/migrations/v0005_create_seed_table.py'> (engine_adapter.py:1307)
2024-10-30 12:49:59,801 - MainThread - sqlmesh.core.state_sync.engine_adapter - INFO - Applying migration <module 'sqlmesh.migrations.v0006_change_seed_hash' from '/Users/trever/Documents/Git/SQLMesh_TEST/.env/lib/python3.12/site-packages/sqlmesh/migrations/v0006_change_seed_hash.py'> (engine_adapter.py:1307)
2024-10-30 12:49:59,801 - MainThread - sqlmesh.core.state_sync.engine_adapter - INFO - Applying migration <module 'sqlmesh.migrations.v0007_env_table_info_to_kind' from '/Users/trever/Documents/Git/SQLMesh_TEST/.env/lib/python3.12/site-packages/sqlmesh/migrations/v0007_env_table_info_to_kind.py'> (engine_adapter.py:1307)
2024-10-30 12:49:59,802 - MainThread - sqlmesh.core.state_sync.engine_adapter - INFO - Applying migration <module 'sqlmesh.migrations.v0008_create_intervals_table' from '/Users/trever/Documents/Git/SQLMesh_TEST/.env/lib/python3.12/site-packages/sqlmesh/migrations/v0008_create_intervals_table.py'> (engine_adapter.py:1307)
2024-10-30 12:49:59,802 - MainThread - sqlmesh.core.state_sync.engine_adapter - INFO - Applying migration <module 'sqlmesh.migrations.v0009_remove_pre_post_hooks' from '/Users/trever/Documents/Git/SQLMesh_TEST/.env/lib/python3.12/site-packages/sqlmesh/migrations/v0009_remove_pre_post_hooks.py'> (engine_adapter.py:1307)
2024-10-30 12:49:59,803 - MainThread - sqlmesh.core.state_sync.engine_adapter - INFO - Applying migration <module 'sqlmesh.migrations.v0010_seed_hash_batch_size' from '/Users/trever/Documents/Git/SQLMesh_TEST/.env/lib/python3.12/site-packages/sqlmesh/migrations/v0010_seed_hash_batch_size.py'> (engine_adapter.py:1307)
2024-10-30 12:49:59,803 - MainThread - sqlmesh.core.state_sync.engine_adapter - INFO - Applying migration <module 'sqlmesh.migrations.v0011_add_model_kind_name' from '/Users/trever/Documents/Git/SQLMesh_TEST/.env/lib/python3.12/site-packages/sqlmesh/migrations/v0011_add_model_kind_name.py'> (engine_adapter.py:1307)
2024-10-30 12:49:59,804 - MainThread - sqlmesh.core.state_sync.engine_adapter - INFO - Applying migration <module 'sqlmesh.migrations.v0012_update_jinja_expressions' from '/Users/trever/Documents/Git/SQLMesh_TEST/.env/lib/python3.12/site-packages/sqlmesh/migrations/v0012_update_jinja_expressions.py'> (engine_adapter.py:1307)
2024-10-30 12:49:59,804 - MainThread - sqlmesh.core.state_sync.engine_adapter - INFO - Applying migration <module 'sqlmesh.migrations.v0013_serde_using_model_dialects' from '/Users/trever/Documents/Git/SQLMesh_TEST/.env/lib/python3.12/site-packages/sqlmesh/migrations/v0013_serde_using_model_dialects.py'> (engine_adapter.py:1307)
2024-10-30 12:49:59,804 - MainThread - sqlmesh.core.state_sync.engine_adapter - INFO - Applying migration <module 'sqlmesh.migrations.v0014_fix_dev_intervals' from '/Users/trever/Documents/Git/SQLMesh_TEST/.env/lib/python3.12/site-packages/sqlmesh/migrations/v0014_fix_dev_intervals.py'> (engine_adapter.py:1307)
2024-10-30 12:49:59,805 - MainThread - sqlmesh.core.state_sync.engine_adapter - INFO - Applying migration <module 'sqlmesh.migrations.v0015_environment_add_promoted_snapshot_ids' from '/Users/trever/Documents/Git/SQLMesh_TEST/.env/lib/python3.12/site-packages/sqlmesh/migrations/v0015_environment_add_promoted_snapshot_ids.py'> (engine_adapter.py:1307)
2024-10-30 12:49:59,806 - MainThread - sqlmesh.core.state_sync.engine_adapter - INFO - Applying migration <module 'sqlmesh.migrations.v0016_fix_windows_path' from '/Users/trever/Documents/Git/SQLMesh_TEST/.env/lib/python3.12/site-packages/sqlmesh/migrations/v0016_fix_windows_path.py'> (engine_adapter.py:1307)
2024-10-30 12:49:59,806 - MainThread - sqlmesh.core.state_sync.engine_adapter - INFO - Applying migration <module 'sqlmesh.migrations.v0017_fix_windows_seed_path' from '/Users/trever/Documents/Git/SQLMesh_TEST/.env/lib/python3.12/site-packages/sqlmesh/migrations/v0017_fix_windows_seed_path.py'> (engine_adapter.py:1307)
2024-10-30 12:49:59,807 - MainThread - sqlmesh.core.state_sync.engine_adapter - INFO - Applying migration <module 'sqlmesh.migrations.v0018_rename_snapshot_model_to_node' from '/Users/trever/Documents/Git/SQLMesh_TEST/.env/lib/python3.12/site-packages/sqlmesh/migrations/v0018_rename_snapshot_model_to_node.py'> (engine_adapter.py:1307)
2024-10-30 12:49:59,807 - MainThread - sqlmesh.core.state_sync.engine_adapter - INFO - Applying migration <module 'sqlmesh.migrations.v0019_add_env_suffix_target' from '/Users/trever/Documents/Git/SQLMesh_TEST/.env/lib/python3.12/site-packages/sqlmesh/migrations/v0019_add_env_suffix_target.py'> (engine_adapter.py:1307)
2024-10-30 12:49:59,808 - MainThread - sqlmesh.core.state_sync.engine_adapter - INFO - Applying migration <module 'sqlmesh.migrations.v0020_remove_redundant_attributes_from_dbt_models' from '/Users/trever/Documents/Git/SQLMesh_TEST/.env/lib/python3.12/site-packages/sqlmesh/migrations/v0020_remove_redundant_attributes_from_dbt_models.py'> (engine_adapter.py:1307)
2024-10-30 12:49:59,808 - MainThread - sqlmesh.core.state_sync.engine_adapter - INFO - Applying migration <module 'sqlmesh.migrations.v0021_fix_table_properties' from '/Users/trever/Documents/Git/SQLMesh_TEST/.env/lib/python3.12/site-packages/sqlmesh/migrations/v0021_fix_table_properties.py'> (engine_adapter.py:1307)
2024-10-30 12:49:59,809 - MainThread - sqlmesh.core.state_sync.engine_adapter - INFO - Applying migration <module 'sqlmesh.migrations.v0022_move_project_to_model' from '/Users/trever/Documents/Git/SQLMesh_TEST/.env/lib/python3.12/site-packages/sqlmesh/migrations/v0022_move_project_to_model.py'> (engine_adapter.py:1307)
2024-10-30 12:49:59,809 - MainThread - sqlmesh.core.state_sync.engine_adapter - INFO - Applying migration <module 'sqlmesh.migrations.v0023_fix_added_models_with_forward_only_parents' from '/Users/trever/Documents/Git/SQLMesh_TEST/.env/lib/python3.12/site-packages/sqlmesh/migrations/v0023_fix_added_models_with_forward_only_parents.py'> (engine_adapter.py:1307)
2024-10-30 12:49:59,810 - MainThread - sqlmesh.core.state_sync.engine_adapter - INFO - Applying migration <module 'sqlmesh.migrations.v0024_replace_model_kind_name_enum_with_value' from '/Users/trever/Documents/Git/SQLMesh_TEST/.env/lib/python3.12/site-packages/sqlmesh/migrations/v0024_replace_model_kind_name_enum_with_value.py'> (engine_adapter.py:1307)
2024-10-30 12:49:59,810 - MainThread - sqlmesh.core.state_sync.engine_adapter - INFO - Applying migration <module 'sqlmesh.migrations.v0025_fix_intervals_and_missing_change_category' from '/Users/trever/Documents/Git/SQLMesh_TEST/.env/lib/python3.12/site-packages/sqlmesh/migrations/v0025_fix_intervals_and_missing_change_category.py'> (engine_adapter.py:1307)
2024-10-30 12:49:59,810 - MainThread - sqlmesh.core.state_sync.engine_adapter - INFO - Applying migration <module 'sqlmesh.migrations.v0026_remove_dialect_from_seed' from '/Users/trever/Documents/Git/SQLMesh_TEST/.env/lib/python3.12/site-packages/sqlmesh/migrations/v0026_remove_dialect_from_seed.py'> (engine_adapter.py:1307)
2024-10-30 12:49:59,811 - MainThread - sqlmesh.core.state_sync.engine_adapter - INFO - Applying migration <module 'sqlmesh.migrations.v0027_minute_interval_to_five' from '/Users/trever/Documents/Git/SQLMesh_TEST/.env/lib/python3.12/site-packages/sqlmesh/migrations/v0027_minute_interval_to_five.py'> (engine_adapter.py:1307)
2024-10-30 12:49:59,812 - MainThread - sqlmesh.core.state_sync.engine_adapter - INFO - Applying migration <module 'sqlmesh.migrations.v0028_add_plan_dags_table' from '/Users/trever/Documents/Git/SQLMesh_TEST/.env/lib/python3.12/site-packages/sqlmesh/migrations/v0028_add_plan_dags_table.py'> (engine_adapter.py:1307)
2024-10-30 12:49:59,812 - MainThread - sqlmesh.core.state_sync.engine_adapter - INFO - Applying migration <module 'sqlmesh.migrations.v0029_generate_schema_types_using_dialect' from '/Users/trever/Documents/Git/SQLMesh_TEST/.env/lib/python3.12/site-packages/sqlmesh/migrations/v0029_generate_schema_types_using_dialect.py'> (engine_adapter.py:1307)
2024-10-30 12:49:59,813 - MainThread - sqlmesh.core.state_sync.engine_adapter - INFO - Applying migration <module 'sqlmesh.migrations.v0030_update_unrestorable_snapshots' from '/Users/trever/Documents/Git/SQLMesh_TEST/.env/lib/python3.12/site-packages/sqlmesh/migrations/v0030_update_unrestorable_snapshots.py'> (engine_adapter.py:1307)
2024-10-30 12:49:59,813 - MainThread - sqlmesh.core.state_sync.engine_adapter - INFO - Applying migration <module 'sqlmesh.migrations.v0031_remove_dbt_target_fields' from '/Users/trever/Documents/Git/SQLMesh_TEST/.env/lib/python3.12/site-packages/sqlmesh/migrations/v0031_remove_dbt_target_fields.py'> (engine_adapter.py:1307)
2024-10-30 12:49:59,814 - MainThread - sqlmesh.core.state_sync.engine_adapter - INFO - Applying migration <module 'sqlmesh.migrations.v0032_add_sqlmesh_version' from '/Users/trever/Documents/Git/SQLMesh_TEST/.env/lib/python3.12/site-packages/sqlmesh/migrations/v0032_add_sqlmesh_version.py'> (engine_adapter.py:1307)
2024-10-30 12:49:59,814 - MainThread - sqlmesh.core.state_sync.engine_adapter - INFO - Applying migration <module 'sqlmesh.migrations.v0033_mysql_fix_blob_text_type' from '/Users/trever/Documents/Git/SQLMesh_TEST/.env/lib/python3.12/site-packages/sqlmesh/migrations/v0033_mysql_fix_blob_text_type.py'> (engine_adapter.py:1307)
2024-10-30 12:49:59,814 - MainThread - sqlmesh.core.state_sync.engine_adapter - INFO - Applying migration <module 'sqlmesh.migrations.v0034_add_default_catalog' from '/Users/trever/Documents/Git/SQLMesh_TEST/.env/lib/python3.12/site-packages/sqlmesh/migrations/v0034_add_default_catalog.py'> (engine_adapter.py:1307)
2024-10-30 12:49:59,816 - MainThread - sqlmesh.core.state_sync.engine_adapter - INFO - Applying migration <module 'sqlmesh.migrations.v0035_add_catalog_name_override' from '/Users/trever/Documents/Git/SQLMesh_TEST/.env/lib/python3.12/site-packages/sqlmesh/migrations/v0035_add_catalog_name_override.py'> (engine_adapter.py:1307)
2024-10-30 12:49:59,816 - MainThread - sqlmesh.core.state_sync.engine_adapter - INFO - Applying migration <module 'sqlmesh.migrations.v0036_delete_plan_dags_bug_fix' from '/Users/trever/Documents/Git/SQLMesh_TEST/.env/lib/python3.12/site-packages/sqlmesh/migrations/v0036_delete_plan_dags_bug_fix.py'> (engine_adapter.py:1307)
2024-10-30 12:49:59,816 - MainThread - sqlmesh.core.state_sync.engine_adapter - INFO - Applying migration <module 'sqlmesh.migrations.v0037_remove_dbt_is_incremental_macro' from '/Users/trever/Documents/Git/SQLMesh_TEST/.env/lib/python3.12/site-packages/sqlmesh/migrations/v0037_remove_dbt_is_incremental_macro.py'> (engine_adapter.py:1307)
2024-10-30 12:49:59,817 - MainThread - sqlmesh.core.state_sync.engine_adapter - INFO - Applying migration <module 'sqlmesh.migrations.v0038_add_expiration_ts_to_snapshot' from '/Users/trever/Documents/Git/SQLMesh_TEST/.env/lib/python3.12/site-packages/sqlmesh/migrations/v0038_add_expiration_ts_to_snapshot.py'> (engine_adapter.py:1307)
2024-10-30 12:49:59,817 - MainThread - sqlmesh.core.state_sync.engine_adapter - INFO - Applying migration <module 'sqlmesh.migrations.v0039_include_environment_in_plan_dag_spec' from '/Users/trever/Documents/Git/SQLMesh_TEST/.env/lib/python3.12/site-packages/sqlmesh/migrations/v0039_include_environment_in_plan_dag_spec.py'> (engine_adapter.py:1307)
2024-10-30 12:49:59,818 - MainThread - sqlmesh.core.state_sync.engine_adapter - INFO - Applying migration <module 'sqlmesh.migrations.v0040_add_previous_finalized_snapshots' from '/Users/trever/Documents/Git/SQLMesh_TEST/.env/lib/python3.12/site-packages/sqlmesh/migrations/v0040_add_previous_finalized_snapshots.py'> (engine_adapter.py:1307)
2024-10-30 12:49:59,818 - MainThread - sqlmesh.core.state_sync.engine_adapter - INFO - Applying migration <module 'sqlmesh.migrations.v0041_remove_hash_raw_query_attribute' from '/Users/trever/Documents/Git/SQLMesh_TEST/.env/lib/python3.12/site-packages/sqlmesh/migrations/v0041_remove_hash_raw_query_attribute.py'> (engine_adapter.py:1307)
2024-10-30 12:49:59,818 - MainThread - sqlmesh.core.state_sync.engine_adapter - INFO - Applying migration <module 'sqlmesh.migrations.v0042_trim_indirect_versions' from '/Users/trever/Documents/Git/SQLMesh_TEST/.env/lib/python3.12/site-packages/sqlmesh/migrations/v0042_trim_indirect_versions.py'> (engine_adapter.py:1307)
2024-10-30 12:49:59,819 - MainThread - sqlmesh.core.state_sync.engine_adapter - INFO - Applying migration <module 'sqlmesh.migrations.v0043_fix_remove_obsolete_attributes_in_plan_dags' from '/Users/trever/Documents/Git/SQLMesh_TEST/.env/lib/python3.12/site-packages/sqlmesh/migrations/v0043_fix_remove_obsolete_attributes_in_plan_dags.py'> (engine_adapter.py:1307)
2024-10-30 12:49:59,819 - MainThread - sqlmesh.core.state_sync.engine_adapter - INFO - Applying migration <module 'sqlmesh.migrations.v0044_quote_identifiers_in_model_attributes' from '/Users/trever/Documents/Git/SQLMesh_TEST/.env/lib/python3.12/site-packages/sqlmesh/migrations/v0044_quote_identifiers_in_model_attributes.py'> (engine_adapter.py:1307)
2024-10-30 12:49:59,819 - MainThread - sqlmesh.core.state_sync.engine_adapter - INFO - Applying migration <module 'sqlmesh.migrations.v0045_move_gateway_variable' from '/Users/trever/Documents/Git/SQLMesh_TEST/.env/lib/python3.12/site-packages/sqlmesh/migrations/v0045_move_gateway_variable.py'> (engine_adapter.py:1307)
2024-10-30 12:49:59,819 - MainThread - sqlmesh.core.state_sync.engine_adapter - INFO - Applying migration <module 'sqlmesh.migrations.v0046_add_batch_concurrency' from '/Users/trever/Documents/Git/SQLMesh_TEST/.env/lib/python3.12/site-packages/sqlmesh/migrations/v0046_add_batch_concurrency.py'> (engine_adapter.py:1307)
2024-10-30 12:49:59,819 - MainThread - sqlmesh.core.state_sync.engine_adapter - INFO - Applying migration <module 'sqlmesh.migrations.v0047_change_scd_string_to_column' from '/Users/trever/Documents/Git/SQLMesh_TEST/.env/lib/python3.12/site-packages/sqlmesh/migrations/v0047_change_scd_string_to_column.py'> (engine_adapter.py:1307)
2024-10-30 12:49:59,819 - MainThread - sqlmesh.core.state_sync.engine_adapter - INFO - Applying migration <module 'sqlmesh.migrations.v0048_drop_indirect_versions' from '/Users/trever/Documents/Git/SQLMesh_TEST/.env/lib/python3.12/site-packages/sqlmesh/migrations/v0048_drop_indirect_versions.py'> (engine_adapter.py:1307)
2024-10-30 12:49:59,820 - MainThread - sqlmesh.core.state_sync.engine_adapter - INFO - Applying migration <module 'sqlmesh.migrations.v0049_replace_identifier_with_version_in_seeds_table' from '/Users/trever/Documents/Git/SQLMesh_TEST/.env/lib/python3.12/site-packages/sqlmesh/migrations/v0049_replace_identifier_with_version_in_seeds_table.py'> (engine_adapter.py:1307)
2024-10-30 12:49:59,823 - MainThread - sqlmesh.core.state_sync.engine_adapter - INFO - Applying migration <module 'sqlmesh.migrations.v0050_drop_seeds_table' from '/Users/trever/Documents/Git/SQLMesh_TEST/.env/lib/python3.12/site-packages/sqlmesh/migrations/v0050_drop_seeds_table.py'> (engine_adapter.py:1307)
2024-10-30 12:49:59,823 - MainThread - sqlmesh.core.state_sync.engine_adapter - INFO - Applying migration <module 'sqlmesh.migrations.v0051_rename_column_descriptions' from '/Users/trever/Documents/Git/SQLMesh_TEST/.env/lib/python3.12/site-packages/sqlmesh/migrations/v0051_rename_column_descriptions.py'> (engine_adapter.py:1307)
2024-10-30 12:49:59,824 - MainThread - sqlmesh.core.state_sync.engine_adapter - INFO - Applying migration <module 'sqlmesh.migrations.v0052_add_normalize_name_in_environment_naming_info' from '/Users/trever/Documents/Git/SQLMesh_TEST/.env/lib/python3.12/site-packages/sqlmesh/migrations/v0052_add_normalize_name_in_environment_naming_info.py'> (engine_adapter.py:1307)
2024-10-30 12:49:59,825 - MainThread - sqlmesh.core.state_sync.engine_adapter - INFO - Applying migration <module 'sqlmesh.migrations.v0053_custom_model_kind_extra_attributes' from '/Users/trever/Documents/Git/SQLMesh_TEST/.env/lib/python3.12/site-packages/sqlmesh/migrations/v0053_custom_model_kind_extra_attributes.py'> (engine_adapter.py:1307)
2024-10-30 12:49:59,825 - MainThread - sqlmesh.core.state_sync.engine_adapter - INFO - Applying migration <module 'sqlmesh.migrations.v0054_fix_trailing_comments' from '/Users/trever/Documents/Git/SQLMesh_TEST/.env/lib/python3.12/site-packages/sqlmesh/migrations/v0054_fix_trailing_comments.py'> (engine_adapter.py:1307)
2024-10-30 12:49:59,825 - MainThread - sqlmesh.core.state_sync.engine_adapter - INFO - Applying migration <module 'sqlmesh.migrations.v0055_add_updated_ts_unpaused_ts_ttl_ms_unrestorable_to_snapshot' from '/Users/trever/Documents/Git/SQLMesh_TEST/.env/lib/python3.12/site-packages/sqlmesh/migrations/v0055_add_updated_ts_unpaused_ts_ttl_ms_unrestorable_to_snapshot.py'> (engine_adapter.py:1307)
2024-10-30 12:49:59,826 - MainThread - sqlmesh.core.state_sync.engine_adapter - INFO - Applying migration <module 'sqlmesh.migrations.v0056_restore_table_indexes' from '/Users/trever/Documents/Git/SQLMesh_TEST/.env/lib/python3.12/site-packages/sqlmesh/migrations/v0056_restore_table_indexes.py'> (engine_adapter.py:1307)
2024-10-30 12:49:59,826 - MainThread - sqlmesh.core.state_sync.engine_adapter - INFO - Applying migration <module 'sqlmesh.migrations.v0057_add_table_format' from '/Users/trever/Documents/Git/SQLMesh_TEST/.env/lib/python3.12/site-packages/sqlmesh/migrations/v0057_add_table_format.py'> (engine_adapter.py:1307)
2024-10-30 12:49:59,826 - MainThread - sqlmesh.core.state_sync.engine_adapter - INFO - Applying migration <module 'sqlmesh.migrations.v0058_add_requirements' from '/Users/trever/Documents/Git/SQLMesh_TEST/.env/lib/python3.12/site-packages/sqlmesh/migrations/v0058_add_requirements.py'> (engine_adapter.py:1307)
2024-10-30 12:49:59,827 - MainThread - sqlmesh.core.state_sync.engine_adapter - INFO - Fetching environments (engine_adapter.py:1313)
2024-10-30 12:49:59,827 - MainThread - sqlmesh.core.state_sync.engine_adapter - INFO - Migrating snapshot rows... (engine_adapter.py:1330)
2024-10-30 12:49:59,828 - MainThread - sqlmesh.core.state_sync.engine_adapter - INFO - No changes to snapshots detected (engine_adapter.py:1323)
2024-10-30 12:50:39,396 - MainThread - sqlmesh.core.snapshot.evaluator - INFO - Listing data objects in schema db.sqlmesh__sqlmesh_example (evaluator.py:273)
2024-10-30 12:50:39,396 - MainThread - sqlmesh.core.engine_adapter.base - INFO - Executing SQL: SELECT CURRENT_CATALOG() (base.py:2022)
2024-10-30 12:50:39,397 - MainThread - sqlmesh.core.engine_adapter.base - INFO - Executing SQL: SELECT CURRENT_CATALOG() (base.py:2022)
2024-10-30 12:50:39,398 - MainThread - sqlmesh.core.engine_adapter.base - INFO - Executing SQL: SELECT table_name AS name, table_schema AS schema, CASE table_type WHEN 'BASE TABLE' THEN 'table' WHEN 'VIEW' THEN 'view' WHEN 'LOCAL TEMPORARY' THEN 'table' END AS type FROM information_schema.tables WHERE (table_catalog = 'db' AND table_schema = 'sqlmesh__sqlmesh_example') AND table_name IN ('sqlmesh_example__full_model__3721018119__temp', 'sqlmesh_example__incremental_model__3484362430', 'sqlmesh_example__seed_model__3637577337__temp', 'sqlmesh_example__seed_model__3637577337', 'sqlmesh_example__incremental_model__3484362430__temp', 'sqlmesh_example__full_model__3721018119') (base.py:2022)
2024-10-30 12:50:39,404 - MainThread - sqlmesh.core.snapshot.evaluator - INFO - Creating schema 'db.sqlmesh__sqlmesh_example' (evaluator.py:898)
2024-10-30 12:50:39,405 - MainThread - sqlmesh.core.engine_adapter.base - INFO - Executing SQL: CREATE SCHEMA IF NOT EXISTS "db"."sqlmesh__sqlmesh_example" (base.py:2022)
2024-10-30 12:50:39,405 - MainThread - sqlmesh.core.snapshot.evaluator - INFO - Creating table 'db.sqlmesh__sqlmesh_example.sqlmesh_example__seed_model__3637577337' (evaluator.py:1188)
2024-10-30 12:50:39,406 - MainThread - sqlmesh.core.engine_adapter.base - INFO - Executing SQL: CREATE TABLE IF NOT EXISTS "db"."sqlmesh__sqlmesh_example"."sqlmesh_example__seed_model__3637577337" ("id" INT, "item_id" INT, "event_date" DATE) (base.py:2022)
2024-10-30 12:50:39,416 - MainThread - sqlmesh.core.engine_adapter.base - INFO - Executing SQL: CREATE OR REPLACE TABLE "db"."sqlmesh__sqlmesh_example"."sqlmesh_example__seed_model__3637577337" AS SELECT CAST("id" AS INT) AS "id", CAST("item_id" AS INT) AS "item_id", CAST("event_date" AS DATE) AS "event_date" FROM (SELECT "id", "item_id", "event_date" FROM "db"."sqlmesh__sqlmesh_example"."__temp_sqlmesh_example__seed_model__3637577337_c0axk1p6") AS "_subquery" (base.py:2022)
2024-10-30 12:50:39,417 - MainThread - sqlmesh.core.engine_adapter.base - INFO - Executing SQL: DROP TABLE IF EXISTS "db"."sqlmesh__sqlmesh_example"."__temp_sqlmesh_example__seed_model__3637577337_c0axk1p6" (base.py:2022)
2024-10-30 12:50:39,422 - MainThread - sqlmesh.core.snapshot.evaluator - INFO - Creating table 'db.sqlmesh__sqlmesh_example.sqlmesh_example__incremental_model__3484362430' (evaluator.py:1188)
2024-10-30 12:50:39,422 - MainThread - sqlmesh.core.engine_adapter.base - INFO - Executing SQL: CREATE TABLE IF NOT EXISTS "db"."sqlmesh__sqlmesh_example"."sqlmesh_example__incremental_model__3484362430" ("id" INT, "item_id" INT, "event_date" DATE) (base.py:2022)
2024-10-30 12:50:39,422 - MainThread - sqlmesh.core.snapshot.evaluator - INFO - Dry running model 'sqlmesh_example.incremental_model' (evaluator.py:1210)
2024-10-30 12:50:39,423 - MainThread - sqlmesh.core.engine_adapter.base - INFO - Executing SQL: SELECT "seed_model"."id" AS "id", "seed_model"."item_id" AS "item_id", "seed_model"."event_date" AS "event_date" FROM "db"."sqlmesh__sqlmesh_example"."sqlmesh_example__seed_model__3637577337" AS "seed_model" WHERE ("seed_model"."event_date" <= CAST('1970-01-01' AS DATE) AND "seed_model"."event_date" >= CAST('1970-01-01' AS DATE)) AND FALSE LIMIT 0 (base.py:2022)
2024-10-30 12:50:39,426 - MainThread - sqlmesh.core.snapshot.evaluator - INFO - Creating table 'db.sqlmesh__sqlmesh_example.sqlmesh_example__full_model__3721018119' (evaluator.py:1188)
2024-10-30 12:50:39,427 - MainThread - sqlmesh.core.engine_adapter.base - INFO - Executing SQL: CREATE TABLE IF NOT EXISTS "db"."sqlmesh__sqlmesh_example"."sqlmesh_example__full_model__3721018119" ("item_id" INT, "num_orders" BIGINT) (base.py:2022)
2024-10-30 12:50:39,427 - MainThread - sqlmesh.core.snapshot.evaluator - INFO - Dry running model 'sqlmesh_example.full_model' (evaluator.py:1210)
2024-10-30 12:50:39,427 - MainThread - sqlmesh.core.engine_adapter.base - INFO - Executing SQL: SELECT "incremental_model"."item_id" AS "item_id", COUNT(DISTINCT "incremental_model"."id") AS "num_orders" FROM "db"."sqlmesh__sqlmesh_example"."sqlmesh_example__incremental_model__3484362430" AS "incremental_model" WHERE FALSE GROUP BY "incremental_model"."item_id" LIMIT 0 (base.py:2022)
2024-10-30 12:50:39,443 - MainThread - sqlmesh.core.state_sync.engine_adapter - INFO - Adding interval (1730160000000, 1730246400000) for snapshot SnapshotId<"db"."sqlmesh_example"."seed_model": 2781035688> (engine_adapter.py:926)
2024-10-30 12:50:39,449 - MainThread - sqlmesh.core.snapshot.evaluator - INFO - Evaluating snapshot SnapshotId<"db"."sqlmesh_example"."incremental_model": 3445850405> (evaluator.py:487)
2024-10-30 12:50:39,452 - MainThread - sqlmesh.core.snapshot.evaluator - INFO - Inserting batch (2020-01-01 00:00:00+00:00, 2024-10-30 00:00:00+00:00) into db.sqlmesh__sqlmesh_example.sqlmesh_example__incremental_model__3484362430' (evaluator.py:517)
2024-10-30 12:50:39,453 - MainThread - sqlmesh.core.engine_adapter.base - INFO - Executing SQL: DELETE FROM "db"."sqlmesh__sqlmesh_example"."sqlmesh_example__incremental_model__3484362430" WHERE "event_date" BETWEEN CAST('2020-01-01' AS DATE) AND CAST('2024-10-29' AS DATE) (base.py:2022)
2024-10-30 12:50:39,454 - MainThread - sqlmesh.core.engine_adapter.base - INFO - Executing SQL: INSERT INTO "db"."sqlmesh__sqlmesh_example"."sqlmesh_example__incremental_model__3484362430" ("id", "item_id", "event_date") SELECT "id", "item_id", "event_date" FROM (SELECT "seed_model"."id" AS "id", "seed_model"."item_id" AS "item_id", "seed_model"."event_date" AS "event_date" FROM "db"."sqlmesh__sqlmesh_example"."sqlmesh_example__seed_model__3637577337" AS "seed_model" WHERE "seed_model"."event_date" <= CAST('2024-10-29' AS DATE) AND "seed_model"."event_date" >= CAST('2020-01-01' AS DATE)) AS "_subquery" WHERE "event_date" BETWEEN CAST('2020-01-01' AS DATE) AND CAST('2024-10-29' AS DATE) (base.py:2022)
2024-10-30 12:50:39,455 - MainThread - sqlmesh.core.state_sync.engine_adapter - INFO - Adding interval (1577836800000, 1730246400000) for snapshot SnapshotId<"db"."sqlmesh_example"."incremental_model": 3445850405> (engine_adapter.py:926)
2024-10-30 12:50:39,460 - MainThread - sqlmesh.core.snapshot.evaluator - INFO - Evaluating snapshot SnapshotId<"db"."sqlmesh_example"."full_model": 1479126441> (evaluator.py:487)
2024-10-30 12:50:39,462 - MainThread - sqlmesh.core.snapshot.evaluator - INFO - Inserting batch (2024-10-29 00:00:00+00:00, 2024-10-30 00:00:00+00:00) into db.sqlmesh__sqlmesh_example.sqlmesh_example__full_model__3721018119' (evaluator.py:517)
2024-10-30 12:50:39,463 - MainThread - sqlmesh.core.engine_adapter.base - INFO - Executing SQL: CREATE OR REPLACE TABLE "db"."sqlmesh__sqlmesh_example"."sqlmesh_example__full_model__3721018119" AS SELECT CAST("item_id" AS INT) AS "item_id", CAST("num_orders" AS BIGINT) AS "num_orders" FROM (SELECT "incremental_model"."item_id" AS "item_id", COUNT(DISTINCT "incremental_model"."id") AS "num_orders" FROM "db"."sqlmesh__sqlmesh_example"."sqlmesh_example__incremental_model__3484362430" AS "incremental_model" GROUP BY "incremental_model"."item_id") AS "_subquery" (base.py:2022)
2024-10-30 12:50:39,465 - MainThread - sqlmesh.core.snapshot.evaluator - INFO - Auditing snapshot SnapshotId<"db"."sqlmesh_example"."full_model": 1479126441> (evaluator.py:407)
2024-10-30 12:50:39,465 - MainThread - sqlmesh.core.engine_adapter.base - INFO - Executing SQL: DESCRIBE "db"."sqlmesh__sqlmesh_example"."sqlmesh_example__full_model__3721018119" (base.py:2022)
2024-10-30 12:50:39,468 - MainThread - sqlmesh.core.engine_adapter.base - INFO - Executing SQL: SELECT COUNT(*) FROM (SELECT * FROM (SELECT * FROM "db"."sqlmesh__sqlmesh_example"."sqlmesh_example__full_model__3721018119" AS "sqlmesh_example__full_model__3721018119") AS "_q_0" WHERE "item_id" < 0) AS "audit" (base.py:2022)
2024-10-30 12:50:39,468 - MainThread - sqlmesh.core.state_sync.engine_adapter - INFO - Adding interval (1730160000000, 1730246400000) for snapshot SnapshotId<"db"."sqlmesh_example"."full_model": 1479126441> (engine_adapter.py:926)
2024-10-30 12:50:39,474 - MainThread - sqlmesh.core.state_sync.engine_adapter - INFO - Promoting environment 'prod' (engine_adapter.py:259)
2024-10-30 12:50:39,488 - MainThread - sqlmesh.core.state_sync.engine_adapter - INFO - Unpausing snapshot SnapshotId<"db"."sqlmesh_example"."seed_model": 2781035688> (engine_adapter.py:428)
2024-10-30 12:50:39,488 - MainThread - sqlmesh.core.state_sync.engine_adapter - INFO - Unpausing snapshot SnapshotId<"db"."sqlmesh_example"."full_model": 1479126441> (engine_adapter.py:428)
2024-10-30 12:50:39,488 - MainThread - sqlmesh.core.state_sync.engine_adapter - INFO - Unpausing snapshot SnapshotId<"db"."sqlmesh_example"."incremental_model": 3445850405> (engine_adapter.py:428)
2024-10-30 12:50:39,490 - MainThread - sqlmesh.core.snapshot.evaluator - INFO - Creating schema 'db.sqlmesh_example' (evaluator.py:898)
2024-10-30 12:50:39,491 - MainThread - sqlmesh.core.engine_adapter.base - INFO - Executing SQL: CREATE SCHEMA IF NOT EXISTS "db"."sqlmesh_example" (base.py:2022)
2024-10-30 12:50:39,491 - MainThread - sqlmesh.core.snapshot.evaluator - INFO - Updating view 'db.sqlmesh_example.seed_model' to point at table 'db.sqlmesh__sqlmesh_example.sqlmesh_example__seed_model__3637577337' (evaluator.py:1154)
2024-10-30 12:50:39,492 - MainThread - sqlmesh.core.engine_adapter.base - INFO - Executing SQL: CREATE OR REPLACE VIEW "db"."sqlmesh_example"."seed_model" AS SELECT * FROM "db"."sqlmesh__sqlmesh_example"."sqlmesh_example__seed_model__3637577337" (base.py:2022)
2024-10-30 12:50:39,493 - MainThread - sqlmesh.core.snapshot.evaluator - INFO - Updating view 'db.sqlmesh_example.incremental_model' to point at table 'db.sqlmesh__sqlmesh_example.sqlmesh_example__incremental_model__3484362430' (evaluator.py:1154)
2024-10-30 12:50:39,493 - MainThread - sqlmesh.core.engine_adapter.base - INFO - Executing SQL: CREATE OR REPLACE VIEW "db"."sqlmesh_example"."incremental_model" AS SELECT * FROM "db"."sqlmesh__sqlmesh_example"."sqlmesh_example__incremental_model__3484362430" (base.py:2022)
2024-10-30 12:50:39,494 - MainThread - sqlmesh.core.snapshot.evaluator - INFO - Updating view 'db.sqlmesh_example.full_model' to point at table 'db.sqlmesh__sqlmesh_example.sqlmesh_example__full_model__3721018119' (evaluator.py:1154)
2024-10-30 12:50:39,495 - MainThread - sqlmesh.core.engine_adapter.base - INFO - Executing SQL: CREATE OR REPLACE VIEW "db"."sqlmesh_example"."full_model" AS SELECT * FROM "db"."sqlmesh__sqlmesh_example"."sqlmesh_example__full_model__3721018119" (base.py:2022)
2024-10-30 12:50:39,495 - MainThread - sqlmesh.core.state_sync.engine_adapter - INFO - Finalizing environment 'prod' (engine_adapter.py:380)
2024-10-30 12:50:39,509 - MainThread - root - INFO - Shutting down the event dispatcher (dispatcher.py:159)
